[0.452s] DEBUG:colcon:Command line arguments: ['/usr/bin/colcon', 'build']
[0.453s] DEBUG:colcon:Parsed command line arguments: Namespace(log_base=None, log_level=None, verb_name='build', build_base='build', install_base='install', merge_install=False, symlink_install=False, test_result_base=None, continue_on_error=False, executor='parallel', parallel_workers=8, event_handlers=None, ignore_user_meta=False, metas=['./colcon.meta'], base_paths=['.'], packages_ignore=None, packages_ignore_regex=None, paths=None, packages_up_to=None, packages_up_to_regex=None, packages_above=None, packages_above_and_dependencies=None, packages_above_depth=None, packages_select_by_dep=None, packages_skip_by_dep=None, packages_skip_up_to=None, packages_select_build_failed=False, packages_skip_build_finished=False, packages_select_test_failures=False, packages_skip_test_passed=False, packages_select=None, packages_skip=None, packages_select_regex=None, packages_skip_regex=None, packages_start=None, packages_end=None, cmake_args=None, cmake_target=None, cmake_target_skip_unavailable=False, cmake_clean_cache=False, cmake_clean_first=False, cmake_force_configure=False, ament_cmake_args=None, catkin_cmake_args=None, catkin_skip_building_tests=False, mixin_files=None, mixin=None, verb_parser=<colcon_mixin.mixin.mixin_argument.MixinArgumentDecorator object at 0x7fd1500074c0>, verb_extension=<colcon_core.verb.build.BuildVerb object at 0x7fd150970910>, main=<bound method BuildVerb.main of <colcon_core.verb.build.BuildVerb object at 0x7fd150970910>>, mixin_verb=('build',))
[0.489s] Level 1:colcon.colcon_core.package_discovery:discover_packages(colcon_meta) check parameters
[0.490s] Level 1:colcon.colcon_core.package_discovery:discover_packages(recursive) check parameters
[0.490s] Level 1:colcon.colcon_core.package_discovery:discover_packages(ignore) check parameters
[0.490s] Level 1:colcon.colcon_core.package_discovery:discover_packages(path) check parameters
[0.490s] Level 1:colcon.colcon_core.package_discovery:discover_packages(colcon_meta) discover
[0.490s] Level 1:colcon.colcon_core.package_discovery:discover_packages(recursive) discover
[0.490s] INFO:colcon.colcon_core.package_discovery:Crawling recursively for packages in '/home/user/ros2_ws/src/distance_controller'
[0.490s] Level 1:colcon.colcon_core.package_identification:_identify(.) by extensions ['ignore', 'ignore_ament_install']
[0.490s] Level 1:colcon.colcon_core.package_identification:_identify(.) by extension 'ignore'
[0.490s] Level 1:colcon.colcon_core.package_identification:_identify(.) by extension 'ignore_ament_install'
[0.490s] Level 1:colcon.colcon_core.package_identification:_identify(.) by extensions ['colcon_pkg']
[0.490s] Level 1:colcon.colcon_core.package_identification:_identify(.) by extension 'colcon_pkg'
[0.491s] Level 1:colcon.colcon_core.package_identification:_identify(.) by extensions ['colcon_meta']
[0.491s] Level 1:colcon.colcon_core.package_identification:_identify(.) by extension 'colcon_meta'
[0.491s] Level 1:colcon.colcon_core.package_identification:_identify(.) by extensions ['ros']
[0.491s] Level 1:colcon.colcon_core.package_identification:_identify(.) by extension 'ros'
[0.517s] DEBUG:colcon.colcon_core.package_identification:Package '.' with type 'ros.ament_cmake' and name 'distance_controller'
[0.517s] Level 1:colcon.colcon_core.package_discovery:discover_packages(recursive) using defaults
[0.517s] Level 1:colcon.colcon_core.package_discovery:discover_packages(ignore) discover
[0.517s] Level 1:colcon.colcon_core.package_discovery:discover_packages(ignore) using defaults
[0.517s] Level 1:colcon.colcon_core.package_discovery:discover_packages(path) discover
[0.517s] Level 1:colcon.colcon_core.package_discovery:discover_packages(path) using defaults
[0.555s] Level 5:colcon.colcon_core.verb:set package 'distance_controller' build argument 'cmake_args' from command line to 'None'
[0.555s] Level 5:colcon.colcon_core.verb:set package 'distance_controller' build argument 'cmake_target' from command line to 'None'
[0.555s] Level 5:colcon.colcon_core.verb:set package 'distance_controller' build argument 'cmake_target_skip_unavailable' from command line to 'False'
[0.555s] Level 5:colcon.colcon_core.verb:set package 'distance_controller' build argument 'cmake_clean_cache' from command line to 'False'
[0.555s] Level 5:colcon.colcon_core.verb:set package 'distance_controller' build argument 'cmake_clean_first' from command line to 'False'
[0.555s] Level 5:colcon.colcon_core.verb:set package 'distance_controller' build argument 'cmake_force_configure' from command line to 'False'
[0.555s] Level 5:colcon.colcon_core.verb:set package 'distance_controller' build argument 'ament_cmake_args' from command line to 'None'
[0.555s] Level 5:colcon.colcon_core.verb:set package 'distance_controller' build argument 'catkin_cmake_args' from command line to 'None'
[0.555s] Level 5:colcon.colcon_core.verb:set package 'distance_controller' build argument 'catkin_skip_building_tests' from command line to 'False'
[0.555s] DEBUG:colcon.colcon_core.verb:Building package 'distance_controller' with the following arguments: {'ament_cmake_args': None, 'build_base': '/home/user/ros2_ws/src/distance_controller/build/distance_controller', 'catkin_cmake_args': None, 'catkin_skip_building_tests': False, 'cmake_args': None, 'cmake_clean_cache': False, 'cmake_clean_first': False, 'cmake_force_configure': False, 'cmake_target': None, 'cmake_target_skip_unavailable': False, 'install_base': '/home/user/ros2_ws/src/distance_controller/install/distance_controller', 'merge_install': False, 'path': '/home/user/ros2_ws/src/distance_controller', 'symlink_install': False, 'test_result_base': None}
[0.556s] INFO:colcon.colcon_core.executor:Executing jobs using 'parallel' executor
[0.571s] DEBUG:colcon.colcon_parallel_executor.executor.parallel:run_until_complete
[0.573s] INFO:colcon.colcon_ros.task.ament_cmake.build:Building ROS package in '/home/user/ros2_ws/src/distance_controller' with build type 'ament_cmake'
[0.573s] INFO:colcon.colcon_cmake.task.cmake.build:Building CMake package in '/home/user/ros2_ws/src/distance_controller'
[0.578s] INFO:colcon.colcon_core.plugin_system:Skipping extension 'colcon_core.shell.bat': Not used on non-Windows systems
[0.579s] INFO:colcon.colcon_core.shell:Skip shell extension 'powershell' for command environment: Not usable outside of PowerShell
[0.579s] DEBUG:colcon.colcon_core.shell:Skip shell extension 'dsv' for command environment
[0.603s] DEBUG:colcon.colcon_core.event_handler.log_command:Invoking command in '/home/user/ros2_ws/src/distance_controller/build/distance_controller': CMAKE_PREFIX_PATH=${CMAKE_PREFIX_PATH}:/opt/ros/humble _=/usr/bin/env /usr/bin/cmake /home/user/ros2_ws/src/distance_controller -DCMAKE_INSTALL_PREFIX=/home/user/ros2_ws/src/distance_controller/install/distance_controller
[5.918s] DEBUG:colcon.colcon_core.event_handler.log_command:Invoked command in '/home/user/ros2_ws/src/distance_controller/build/distance_controller' returned '0': CMAKE_PREFIX_PATH=${CMAKE_PREFIX_PATH}:/opt/ros/humble _=/usr/bin/env /usr/bin/cmake /home/user/ros2_ws/src/distance_controller -DCMAKE_INSTALL_PREFIX=/home/user/ros2_ws/src/distance_controller/install/distance_controller
[5.921s] DEBUG:colcon.colcon_core.event_handler.log_command:Invoking command in '/home/user/ros2_ws/src/distance_controller/build/distance_controller': CMAKE_PREFIX_PATH=${CMAKE_PREFIX_PATH}:/opt/ros/humble _=/usr/bin/env /usr/bin/cmake --build /home/user/ros2_ws/src/distance_controller/build/distance_controller -- -j8 -l8
[21.273s] DEBUG:colcon.colcon_core.event_handler.log_command:Invoked command in '/home/user/ros2_ws/src/distance_controller/build/distance_controller' returned '0': CMAKE_PREFIX_PATH=${CMAKE_PREFIX_PATH}:/opt/ros/humble _=/usr/bin/env /usr/bin/cmake --build /home/user/ros2_ws/src/distance_controller/build/distance_controller -- -j8 -l8
[21.348s] DEBUG:colcon.colcon_core.event_handler.log_command:Invoking command in '/home/user/ros2_ws/src/distance_controller/build/distance_controller': CMAKE_PREFIX_PATH=${CMAKE_PREFIX_PATH}:/opt/ros/humble _=/usr/bin/env /usr/bin/cmake --install /home/user/ros2_ws/src/distance_controller/build/distance_controller
[21.369s] Level 1:colcon.colcon_core.environment:create_environment_scripts_only(distance_controller)
[21.371s] DEBUG:colcon.colcon_core.event_handler.log_command:Invoked command in '/home/user/ros2_ws/src/distance_controller/build/distance_controller' returned '0': CMAKE_PREFIX_PATH=${CMAKE_PREFIX_PATH}:/opt/ros/humble _=/usr/bin/env /usr/bin/cmake --install /home/user/ros2_ws/src/distance_controller/build/distance_controller
[21.375s] Level 1:colcon.colcon_core.environment:checking '/home/user/ros2_ws/src/distance_controller/install/distance_controller' for CMake module files
[21.376s] Level 1:colcon.colcon_core.environment:checking '/home/user/ros2_ws/src/distance_controller/install/distance_controller' for CMake config files
[21.376s] Level 1:colcon.colcon_core.shell:create_environment_hook('distance_controller', 'cmake_prefix_path')
[21.377s] INFO:colcon.colcon_core.shell:Creating environment hook '/home/user/ros2_ws/src/distance_controller/install/distance_controller/share/distance_controller/hook/cmake_prefix_path.ps1'
[21.378s] INFO:colcon.colcon_core.shell:Creating environment descriptor '/home/user/ros2_ws/src/distance_controller/install/distance_controller/share/distance_controller/hook/cmake_prefix_path.dsv'
[21.378s] INFO:colcon.colcon_core.shell:Creating environment hook '/home/user/ros2_ws/src/distance_controller/install/distance_controller/share/distance_controller/hook/cmake_prefix_path.sh'
[21.379s] Level 1:colcon.colcon_core.environment:checking '/home/user/ros2_ws/src/distance_controller/install/distance_controller/lib'
[21.380s] Level 1:colcon.colcon_core.environment:checking '/home/user/ros2_ws/src/distance_controller/install/distance_controller/bin'
[21.380s] Level 1:colcon.colcon_core.environment:checking '/home/user/ros2_ws/src/distance_controller/install/distance_controller/lib/pkgconfig/distance_controller.pc'
[21.381s] Level 1:colcon.colcon_core.environment:checking '/home/user/ros2_ws/src/distance_controller/install/distance_controller/lib/python3.10/site-packages'
[21.382s] Level 1:colcon.colcon_core.environment:checking '/home/user/ros2_ws/src/distance_controller/install/distance_controller/bin'
[21.384s] INFO:colcon.colcon_core.shell:Creating package script '/home/user/ros2_ws/src/distance_controller/install/distance_controller/share/distance_controller/package.ps1'
[21.386s] INFO:colcon.colcon_core.shell:Creating package descriptor '/home/user/ros2_ws/src/distance_controller/install/distance_controller/share/distance_controller/package.dsv'
[21.387s] INFO:colcon.colcon_core.shell:Creating package script '/home/user/ros2_ws/src/distance_controller/install/distance_controller/share/distance_controller/package.sh'
[21.388s] INFO:colcon.colcon_core.shell:Creating package script '/home/user/ros2_ws/src/distance_controller/install/distance_controller/share/distance_controller/package.bash'
[21.389s] INFO:colcon.colcon_core.shell:Creating package script '/home/user/ros2_ws/src/distance_controller/install/distance_controller/share/distance_controller/package.zsh'
[21.390s] Level 1:colcon.colcon_core.environment:create_file_with_runtime_dependencies(/home/user/ros2_ws/src/distance_controller/install/distance_controller/share/colcon-core/packages/distance_controller)
[21.450s] Level 1:colcon.colcon_core.environment:create_environment_scripts_only(distance_controller)
[21.453s] Level 1:colcon.colcon_core.environment:checking '/home/user/ros2_ws/src/distance_controller/install/distance_controller' for CMake module files
[21.453s] Level 1:colcon.colcon_core.environment:checking '/home/user/ros2_ws/src/distance_controller/install/distance_controller' for CMake config files
[21.453s] Level 1:colcon.colcon_core.shell:create_environment_hook('distance_controller', 'cmake_prefix_path')
[21.454s] INFO:colcon.colcon_core.shell:Creating environment hook '/home/user/ros2_ws/src/distance_controller/install/distance_controller/share/distance_controller/hook/cmake_prefix_path.ps1'
[21.455s] INFO:colcon.colcon_core.shell:Creating environment descriptor '/home/user/ros2_ws/src/distance_controller/install/distance_controller/share/distance_controller/hook/cmake_prefix_path.dsv'
[21.455s] INFO:colcon.colcon_core.shell:Creating environment hook '/home/user/ros2_ws/src/distance_controller/install/distance_controller/share/distance_controller/hook/cmake_prefix_path.sh'
[21.456s] Level 1:colcon.colcon_core.environment:checking '/home/user/ros2_ws/src/distance_controller/install/distance_controller/lib'
[21.456s] Level 1:colcon.colcon_core.environment:checking '/home/user/ros2_ws/src/distance_controller/install/distance_controller/bin'
[21.456s] Level 1:colcon.colcon_core.environment:checking '/home/user/ros2_ws/src/distance_controller/install/distance_controller/lib/pkgconfig/distance_controller.pc'
[21.456s] Level 1:colcon.colcon_core.environment:checking '/home/user/ros2_ws/src/distance_controller/install/distance_controller/lib/python3.10/site-packages'
[21.457s] Level 1:colcon.colcon_core.environment:checking '/home/user/ros2_ws/src/distance_controller/install/distance_controller/bin'
[21.459s] INFO:colcon.colcon_core.shell:Creating package script '/home/user/ros2_ws/src/distance_controller/install/distance_controller/share/distance_controller/package.ps1'
[21.459s] INFO:colcon.colcon_core.shell:Creating package descriptor '/home/user/ros2_ws/src/distance_controller/install/distance_controller/share/distance_controller/package.dsv'
[21.460s] INFO:colcon.colcon_core.shell:Creating package script '/home/user/ros2_ws/src/distance_controller/install/distance_controller/share/distance_controller/package.sh'
[21.460s] INFO:colcon.colcon_core.shell:Creating package script '/home/user/ros2_ws/src/distance_controller/install/distance_controller/share/distance_controller/package.bash'
[21.461s] INFO:colcon.colcon_core.shell:Creating package script '/home/user/ros2_ws/src/distance_controller/install/distance_controller/share/distance_controller/package.zsh'
[21.461s] Level 1:colcon.colcon_core.environment:create_file_with_runtime_dependencies(/home/user/ros2_ws/src/distance_controller/install/distance_controller/share/colcon-core/packages/distance_controller)
[21.462s] DEBUG:colcon.colcon_parallel_executor.executor.parallel:closing loop
[21.462s] DEBUG:colcon.colcon_parallel_executor.executor.parallel:loop closed
[21.463s] DEBUG:colcon.colcon_parallel_executor.executor.parallel:run_until_complete finished with '0'
[21.463s] DEBUG:colcon.colcon_core.event_reactor:joining thread
[21.471s] INFO:colcon.colcon_core.plugin_system:Skipping extension 'colcon_notification.desktop_notification.notify_send': Could not find 'notify-send'
[21.471s] INFO:colcon.colcon_core.plugin_system:Skipping extension 'colcon_notification.desktop_notification.terminal_notifier': Not used on non-Darwin systems
[21.471s] INFO:colcon.colcon_core.plugin_system:Skipping extension 'colcon_notification.desktop_notification.win32': Not used on non-Windows systems
[21.471s] INFO:colcon.colcon_notification.desktop_notification:Sending desktop notification using 'notify2'
[21.473s] DEBUG:colcon.colcon_notification.desktop_notification.notify2:Failed to initialize notify2: org.freedesktop.DBus.Error.Spawn.ExecFailed: /usr/bin/dbus-launch terminated abnormally without any error message
[21.474s] DEBUG:colcon.colcon_core.event_reactor:joined thread
[21.476s] INFO:colcon.colcon_core.shell:Creating prefix script '/home/user/ros2_ws/src/distance_controller/install/local_setup.ps1'
[21.478s] INFO:colcon.colcon_core.shell:Creating prefix util module '/home/user/ros2_ws/src/distance_controller/install/_local_setup_util_ps1.py'
[21.480s] INFO:colcon.colcon_core.shell:Creating prefix chain script '/home/user/ros2_ws/src/distance_controller/install/setup.ps1'
[21.485s] INFO:colcon.colcon_core.shell:Creating prefix script '/home/user/ros2_ws/src/distance_controller/install/local_setup.sh'
[21.486s] INFO:colcon.colcon_core.shell:Creating prefix util module '/home/user/ros2_ws/src/distance_controller/install/_local_setup_util_sh.py'
[21.486s] INFO:colcon.colcon_core.shell:Creating prefix chain script '/home/user/ros2_ws/src/distance_controller/install/setup.sh'
[21.489s] INFO:colcon.colcon_core.shell:Creating prefix script '/home/user/ros2_ws/src/distance_controller/install/local_setup.bash'
[21.490s] INFO:colcon.colcon_core.shell:Creating prefix chain script '/home/user/ros2_ws/src/distance_controller/install/setup.bash'
[21.493s] INFO:colcon.colcon_core.shell:Creating prefix script '/home/user/ros2_ws/src/distance_controller/install/local_setup.zsh'
[21.493s] INFO:colcon.colcon_core.shell:Creating prefix chain script '/home/user/ros2_ws/src/distance_controller/install/setup.zsh'
