-- The C compiler identification is GNU 11.2.0
-- The CXX compiler identification is GNU 11.2.0
-- Detecting C compiler ABI info
-- Detecting C compiler ABI info - done
-- Check for working C compiler: /usr/bin/cc - skipped
-- Detecting C compile features
-- Detecting C compile features - done
-- Detecting CXX compiler ABI info
-- Detecting CXX compiler ABI info - done
-- Check for working CXX compiler: /usr/bin/c++ - skipped
-- Detecting CXX compile features
-- Detecting CXX compile features - done
-- Found ament_cmake: 1.3.2 (/opt/ros/humble/share/ament_cmake/cmake)
-- Found Python3: /usr/bin/python3.10 (found version "3.10.6") found components: Interpreter 
-- Found rclcpp: 16.0.1 (/opt/ros/humble/share/rclcpp/cmake)
-- Found rosidl_generator_c: 3.1.3 (/opt/ros/humble/share/rosidl_generator_c/cmake)
-- Found rosidl_adapter: 3.1.3 (/opt/ros/humble/share/rosidl_adapter/cmake)
-- Found rosidl_generator_cpp: 3.1.3 (/opt/ros/humble/share/rosidl_generator_cpp/cmake)
-- Using all available rosidl_typesupport_c: rosidl_typesupport_fastrtps_c;rosidl_typesupport_introspection_c
-- Using all available rosidl_typesupport_cpp: rosidl_typesupport_fastrtps_cpp;rosidl_typesupport_introspection_cpp
-- Found rmw_implementation_cmake: 6.1.0 (/opt/ros/humble/share/rmw_implementation_cmake/cmake)
-- Found rmw_cyclonedds_cpp: 1.3.4 (/opt/ros/humble/share/rmw_cyclonedds_cpp/cmake)
-- Using RMW implementation 'rmw_cyclonedds_cpp' as default
-- Found geometry_msgs: 4.2.2 (/opt/ros/humble/share/geometry_msgs/cmake)
-- Found nav_msgs: 4.2.2 (/opt/ros/humble/share/nav_msgs/cmake)
-- Found ament_lint_auto: 0.12.4 (/opt/ros/humble/share/ament_lint_auto/cmake)
-- Added test 'cppcheck' to perform static code analysis on C / C++ code
-- Configured cppcheck include dirs: 
-- Configured cppcheck exclude dirs and/or files: 
-- Added test 'lint_cmake' to check CMake code style
-- Added test 'uncrustify' to check C / C++ code style
-- Configured uncrustify additional arguments: 
-- Added test 'xmllint' to check XML markup files
-- Configuring done
-- Generating done
-- Build files have been written to: /home/user/ros2_ws/src/distance_controller/build/distance_controller
[ 50%] [32mBuilding CXX object CMakeFiles/distance_controller.dir/src/distance_controller.cpp.o[0m
[100%] [32m[1mLinking CXX executable distance_controller[0m
[100%] Built target distance_controller
-- Install configuration: ""
-- Installing: /home/user/ros2_ws/src/distance_controller/install/distance_controller/lib/distance_controller/distance_controller
-- Set runtime path of "/home/user/ros2_ws/src/distance_controller/install/distance_controller/lib/distance_controller/distance_controller" to ""
-- Installing: /home/user/ros2_ws/src/distance_controller/install/distance_controller/share/ament_index/resource_index/package_run_dependencies/distance_controller
-- Installing: /home/user/ros2_ws/src/distance_controller/install/distance_controller/share/ament_index/resource_index/parent_prefix_path/distance_controller
-- Installing: /home/user/ros2_ws/src/distance_controller/install/distance_controller/share/distance_controller/environment/ament_prefix_path.sh
-- Installing: /home/user/ros2_ws/src/distance_controller/install/distance_controller/share/distance_controller/environment/ament_prefix_path.dsv
-- Installing: /home/user/ros2_ws/src/distance_controller/install/distance_controller/share/distance_controller/environment/path.sh
-- Installing: /home/user/ros2_ws/src/distance_controller/install/distance_controller/share/distance_controller/environment/path.dsv
-- Installing: /home/user/ros2_ws/src/distance_controller/install/distance_controller/share/distance_controller/local_setup.bash
-- Installing: /home/user/ros2_ws/src/distance_controller/install/distance_controller/share/distance_controller/local_setup.sh
-- Installing: /home/user/ros2_ws/src/distance_controller/install/distance_controller/share/distance_controller/local_setup.zsh
-- Installing: /home/user/ros2_ws/src/distance_controller/install/distance_controller/share/distance_controller/local_setup.dsv
-- Installing: /home/user/ros2_ws/src/distance_controller/install/distance_controller/share/distance_controller/package.dsv
-- Installing: /home/user/ros2_ws/src/distance_controller/install/distance_controller/share/ament_index/resource_index/packages/distance_controller
-- Installing: /home/user/ros2_ws/src/distance_controller/install/distance_controller/share/distance_controller/cmake/distance_controllerConfig.cmake
-- Installing: /home/user/ros2_ws/src/distance_controller/install/distance_controller/share/distance_controller/cmake/distance_controllerConfig-version.cmake
-- Installing: /home/user/ros2_ws/src/distance_controller/install/distance_controller/share/distance_controller/package.xml
