[0.029s] Invoking command in '/home/user/ros2_ws/src/distance_controller/build/distance_controller': CMAKE_PREFIX_PATH=${CMAKE_PREFIX_PATH}:/opt/ros/humble _=/usr/bin/env /usr/bin/cmake /home/user/ros2_ws/src/distance_controller -DCMAKE_INSTALL_PREFIX=/home/user/ros2_ws/src/distance_controller/install/distance_controller
[1.798s] -- The C compiler identification is GNU 11.2.0
[2.008s] -- The CXX compiler identification is GNU 11.2.0
[2.074s] -- Detecting C compiler ABI info
[2.188s] -- Detecting C compiler ABI info - done
[2.198s] -- Check for working C compiler: /usr/bin/cc - skipped
[2.199s] -- Detecting C compile features
[2.233s] -- Detecting C compile features - done
[2.240s] -- Detecting CXX compiler ABI info
[2.375s] -- Detecting CXX compiler ABI info - done
[2.385s] -- Check for working CXX compiler: /usr/bin/c++ - skipped
[2.386s] -- Detecting CXX compile features
[2.386s] -- Detecting CXX compile features - done
[2.397s] -- Found ament_cmake: 1.3.2 (/opt/ros/humble/share/ament_cmake/cmake)
[2.716s] -- Found Python3: /usr/bin/python3.10 (found version "3.10.6") found components: Interpreter 
[3.056s] -- Found rclcpp: 16.0.1 (/opt/ros/humble/share/rclcpp/cmake)
[3.385s] -- Found rosidl_generator_c: 3.1.3 (/opt/ros/humble/share/rosidl_generator_c/cmake)
[3.410s] -- Found rosidl_adapter: 3.1.3 (/opt/ros/humble/share/rosidl_adapter/cmake)
[3.557s] -- Found rosidl_generator_cpp: 3.1.3 (/opt/ros/humble/share/rosidl_generator_cpp/cmake)
[3.621s] -- Using all available rosidl_typesupport_c: rosidl_typesupport_fastrtps_c;rosidl_typesupport_introspection_c
[3.680s] -- Using all available rosidl_typesupport_cpp: rosidl_typesupport_fastrtps_cpp;rosidl_typesupport_introspection_cpp
[4.073s] -- Found rmw_implementation_cmake: 6.1.0 (/opt/ros/humble/share/rmw_implementation_cmake/cmake)
[4.095s] -- Found rmw_cyclonedds_cpp: 1.3.4 (/opt/ros/humble/share/rmw_cyclonedds_cpp/cmake)
[4.368s] -- Using RMW implementation 'rmw_cyclonedds_cpp' as default
[4.718s] -- Found geometry_msgs: 4.2.2 (/opt/ros/humble/share/geometry_msgs/cmake)
[4.819s] -- Found nav_msgs: 4.2.2 (/opt/ros/humble/share/nav_msgs/cmake)
[5.099s] -- Found ament_lint_auto: 0.12.4 (/opt/ros/humble/share/ament_lint_auto/cmake)
[5.288s] -- Added test 'cppcheck' to perform static code analysis on C / C++ code
[5.288s] -- Configured cppcheck include dirs: 
[5.289s] -- Configured cppcheck exclude dirs and/or files: 
[5.295s] -- Added test 'lint_cmake' to check CMake code style
[5.312s] -- Added test 'uncrustify' to check C / C++ code style
[5.312s] -- Configured uncrustify additional arguments: 
[5.314s] -- Added test 'xmllint' to check XML markup files
[5.318s] -- Configuring done
[5.332s] -- Generating done
[5.335s] -- Build files have been written to: /home/user/ros2_ws/src/distance_controller/build/distance_controller
[5.344s] Invoked command in '/home/user/ros2_ws/src/distance_controller/build/distance_controller' returned '0': CMAKE_PREFIX_PATH=${CMAKE_PREFIX_PATH}:/opt/ros/humble _=/usr/bin/env /usr/bin/cmake /home/user/ros2_ws/src/distance_controller -DCMAKE_INSTALL_PREFIX=/home/user/ros2_ws/src/distance_controller/install/distance_controller
[5.347s] Invoking command in '/home/user/ros2_ws/src/distance_controller/build/distance_controller': CMAKE_PREFIX_PATH=${CMAKE_PREFIX_PATH}:/opt/ros/humble _=/usr/bin/env /usr/bin/cmake --build /home/user/ros2_ws/src/distance_controller/build/distance_controller -- -j8 -l8
[5.451s] [ 50%] [32mBuilding CXX object CMakeFiles/distance_controller.dir/src/distance_controller.cpp.o[0m
[20.178s] [100%] [32m[1mLinking CXX executable distance_controller[0m
[20.683s] [100%] Built target distance_controller
[20.700s] Invoked command in '/home/user/ros2_ws/src/distance_controller/build/distance_controller' returned '0': CMAKE_PREFIX_PATH=${CMAKE_PREFIX_PATH}:/opt/ros/humble _=/usr/bin/env /usr/bin/cmake --build /home/user/ros2_ws/src/distance_controller/build/distance_controller -- -j8 -l8
[20.775s] Invoking command in '/home/user/ros2_ws/src/distance_controller/build/distance_controller': CMAKE_PREFIX_PATH=${CMAKE_PREFIX_PATH}:/opt/ros/humble _=/usr/bin/env /usr/bin/cmake --install /home/user/ros2_ws/src/distance_controller/build/distance_controller
[20.782s] -- Install configuration: ""
[20.782s] -- Installing: /home/user/ros2_ws/src/distance_controller/install/distance_controller/lib/distance_controller/distance_controller
[20.790s] -- Set runtime path of "/home/user/ros2_ws/src/distance_controller/install/distance_controller/lib/distance_controller/distance_controller" to ""
[20.790s] -- Installing: /home/user/ros2_ws/src/distance_controller/install/distance_controller/share/ament_index/resource_index/package_run_dependencies/distance_controller
[20.790s] -- Installing: /home/user/ros2_ws/src/distance_controller/install/distance_controller/share/ament_index/resource_index/parent_prefix_path/distance_controller
[20.790s] -- Installing: /home/user/ros2_ws/src/distance_controller/install/distance_controller/share/distance_controller/environment/ament_prefix_path.sh
[20.791s] -- Installing: /home/user/ros2_ws/src/distance_controller/install/distance_controller/share/distance_controller/environment/ament_prefix_path.dsv
[20.791s] -- Installing: /home/user/ros2_ws/src/distance_controller/install/distance_controller/share/distance_controller/environment/path.sh
[20.791s] -- Installing: /home/user/ros2_ws/src/distance_controller/install/distance_controller/share/distance_controller/environment/path.dsv
[20.791s] -- Installing: /home/user/ros2_ws/src/distance_controller/install/distance_controller/share/distance_controller/local_setup.bash
[20.791s] -- Installing: /home/user/ros2_ws/src/distance_controller/install/distance_controller/share/distance_controller/local_setup.sh
[20.792s] -- Installing: /home/user/ros2_ws/src/distance_controller/install/distance_controller/share/distance_controller/local_setup.zsh
[20.792s] -- Installing: /home/user/ros2_ws/src/distance_controller/install/distance_controller/share/distance_controller/local_setup.dsv
[20.792s] -- Installing: /home/user/ros2_ws/src/distance_controller/install/distance_controller/share/distance_controller/package.dsv
[20.793s] -- Installing: /home/user/ros2_ws/src/distance_controller/install/distance_controller/share/ament_index/resource_index/packages/distance_controller
[20.793s] -- Installing: /home/user/ros2_ws/src/distance_controller/install/distance_controller/share/distance_controller/cmake/distance_controllerConfig.cmake
[20.793s] -- Installing: /home/user/ros2_ws/src/distance_controller/install/distance_controller/share/distance_controller/cmake/distance_controllerConfig-version.cmake
[20.793s] -- Installing: /home/user/ros2_ws/src/distance_controller/install/distance_controller/share/distance_controller/package.xml
[20.797s] Invoked command in '/home/user/ros2_ws/src/distance_controller/build/distance_controller' returned '0': CMAKE_PREFIX_PATH=${CMAKE_PREFIX_PATH}:/opt/ros/humble _=/usr/bin/env /usr/bin/cmake --install /home/user/ros2_ws/src/distance_controller/build/distance_controller
